2025/06/26 15:22:25 [error] [exception.CHttpException.403] CHttpException: You are not allowed to access this page. in /var/www/html/framework/gii/GiiModule.php:170
Stack trace:
#0 /var/www/html/framework/web/CController.php(263): GiiModule->beforeControllerAction(Object(DefaultController), Object(CInlineAction))
#1 /var/www/html/framework/web/CWebApplication.php(282): CController->run('')
#2 /var/www/html/framework/web/CWebApplication.php(141): CWebApplication->runController('gii')
#3 /var/www/html/framework/base/CApplication.php(185): CWebApplication->processRequest()
#4 /var/www/html/crud_template/index.php(13): CApplication->run()
#5 {main}
REQUEST_URI=/crud_template/index.php?r=gii
---
2025/06/26 15:22:28 [error] [exception.CHttpException.403] CHttpException: You are not allowed to access this page. in /var/www/html/framework/gii/GiiModule.php:170
Stack trace:
#0 /var/www/html/framework/web/CController.php(263): GiiModule->beforeControllerAction(Object(DefaultController), Object(CInlineAction))
#1 /var/www/html/framework/web/CWebApplication.php(282): CController->run('')
#2 /var/www/html/framework/web/CWebApplication.php(141): CWebApplication->runController('gii')
#3 /var/www/html/framework/base/CApplication.php(185): CWebApplication->processRequest()
#4 /var/www/html/crud_template/index.php(13): CApplication->run()
#5 {main}
REQUEST_URI=/crud_template/index.php?r=gii
---
2025/06/26 15:22:29 [error] [exception.CHttpException.403] CHttpException: You are not allowed to access this page. in /var/www/html/framework/gii/GiiModule.php:170
Stack trace:
#0 /var/www/html/framework/web/CController.php(263): GiiModule->beforeControllerAction(Object(DefaultController), Object(CInlineAction))
#1 /var/www/html/framework/web/CWebApplication.php(282): CController->run('')
#2 /var/www/html/framework/web/CWebApplication.php(141): CWebApplication->runController('gii')
#3 /var/www/html/framework/base/CApplication.php(185): CWebApplication->processRequest()
#4 /var/www/html/crud_template/index.php(13): CApplication->run()
#5 {main}
REQUEST_URI=/crud_template/index.php?r=gii
---
2025/06/26 15:22:31 [error] [exception.CHttpException.404] CHttpException: Unable to resolve the request "giid". in /var/www/html/framework/web/CWebApplication.php:286
Stack trace:
#0 /var/www/html/framework/web/CWebApplication.php(141): CWebApplication->runController('giid')
#1 /var/www/html/framework/base/CApplication.php(185): CWebApplication->processRequest()
#2 /var/www/html/crud_template/index.php(13): CApplication->run()
#3 {main}
REQUEST_URI=/crud_template/index.php?r=giid
---
2025/06/26 15:22:33 [error] [exception.CHttpException.403] CHttpException: You are not allowed to access this page. in /var/www/html/framework/gii/GiiModule.php:170
Stack trace:
#0 /var/www/html/framework/web/CController.php(263): GiiModule->beforeControllerAction(Object(DefaultController), Object(CInlineAction))
#1 /var/www/html/framework/web/CWebApplication.php(282): CController->run('')
#2 /var/www/html/framework/web/CWebApplication.php(141): CWebApplication->runController('gii')
#3 /var/www/html/framework/base/CApplication.php(185): CWebApplication->processRequest()
#4 /var/www/html/crud_template/index.php(13): CApplication->run()
#5 {main}
REQUEST_URI=/crud_template/index.php?r=gii
---
2025/06/26 15:24:05 [error] [exception.CHttpException.403] CHttpException: You are not allowed to access this page. in /var/www/html/framework/gii/GiiModule.php:170
Stack trace:
#0 /var/www/html/framework/web/CController.php(263): GiiModule->beforeControllerAction(Object(DefaultController), Object(CInlineAction))
#1 /var/www/html/framework/web/CWebApplication.php(282): CController->run('')
#2 /var/www/html/framework/web/CWebApplication.php(141): CWebApplication->runController('gii')
#3 /var/www/html/framework/base/CApplication.php(185): CWebApplication->processRequest()
#4 /var/www/html/crud_template/index.php(13): CApplication->run()
#5 {main}
REQUEST_URI=/crud_template/index.php?r=gii
---
2025/06/26 15:25:26 [error] [exception.CHttpException.403] CHttpException: You are not allowed to access this page. in /var/www/html/framework/gii/GiiModule.php:170
Stack trace:
#0 /var/www/html/framework/web/CController.php(263): GiiModule->beforeControllerAction(Object(DefaultController), Object(CInlineAction))
#1 /var/www/html/framework/web/CWebApplication.php(282): CController->run('')
#2 /var/www/html/framework/web/CWebApplication.php(141): CWebApplication->runController('gii')
#3 /var/www/html/framework/base/CApplication.php(185): CWebApplication->processRequest()
#4 /var/www/html/crud_template/index.php(13): CApplication->run()
#5 {main}
REQUEST_URI=/crud_template/index.php?r=gii
---
2025/06/26 15:25:26 [error] [exception.CHttpException.403] CHttpException: You are not allowed to access this page. in /var/www/html/framework/gii/GiiModule.php:170
Stack trace:
#0 /var/www/html/framework/web/CController.php(263): GiiModule->beforeControllerAction(Object(DefaultController), Object(CInlineAction))
#1 /var/www/html/framework/web/CWebApplication.php(282): CController->run('')
#2 /var/www/html/framework/web/CWebApplication.php(141): CWebApplication->runController('gii')
#3 /var/www/html/framework/base/CApplication.php(185): CWebApplication->processRequest()
#4 /var/www/html/crud_template/index.php(13): CApplication->run()
#5 {main}
REQUEST_URI=/crud_template/index.php?r=gii
---
2025/06/26 15:25:27 [error] [exception.CHttpException.403] CHttpException: You are not allowed to access this page. in /var/www/html/framework/gii/GiiModule.php:170
Stack trace:
#0 /var/www/html/framework/web/CController.php(263): GiiModule->beforeControllerAction(Object(DefaultController), Object(CInlineAction))
#1 /var/www/html/framework/web/CWebApplication.php(282): CController->run('')
#2 /var/www/html/framework/web/CWebApplication.php(141): CWebApplication->runController('gii')
#3 /var/www/html/framework/base/CApplication.php(185): CWebApplication->processRequest()
#4 /var/www/html/crud_template/index.php(13): CApplication->run()
#5 {main}
REQUEST_URI=/crud_template/index.php?r=gii
---
2025/06/26 15:25:57 [error] [exception.CHttpException.403] CHttpException: You are not allowed to access this page. in /var/www/html/framework/gii/GiiModule.php:170
Stack trace:
#0 /var/www/html/framework/web/CController.php(263): GiiModule->beforeControllerAction(Object(DefaultController), Object(CInlineAction))
#1 /var/www/html/framework/web/CWebApplication.php(282): CController->run('')
#2 /var/www/html/framework/web/CWebApplication.php(141): CWebApplication->runController('gii')
#3 /var/www/html/framework/base/CApplication.php(185): CWebApplication->processRequest()
#4 /var/www/html/crud_template/index.php(13): CApplication->run()
#5 {main}
REQUEST_URI=/crud_template/index.php?r=gii
---
2025/06/26 15:25:57 [error] [exception.CHttpException.403] CHttpException: You are not allowed to access this page. in /var/www/html/framework/gii/GiiModule.php:170
Stack trace:
#0 /var/www/html/framework/web/CController.php(263): GiiModule->beforeControllerAction(Object(DefaultController), Object(CInlineAction))
#1 /var/www/html/framework/web/CWebApplication.php(282): CController->run('')
#2 /var/www/html/framework/web/CWebApplication.php(141): CWebApplication->runController('gii')
#3 /var/www/html/framework/base/CApplication.php(185): CWebApplication->processRequest()
#4 /var/www/html/crud_template/index.php(13): CApplication->run()
#5 {main}
REQUEST_URI=/crud_template/index.php?r=gii
---
2025/06/26 15:25:57 [error] [exception.CHttpException.403] CHttpException: You are not allowed to access this page. in /var/www/html/framework/gii/GiiModule.php:170
Stack trace:
#0 /var/www/html/framework/web/CController.php(263): GiiModule->beforeControllerAction(Object(DefaultController), Object(CInlineAction))
#1 /var/www/html/framework/web/CWebApplication.php(282): CController->run('')
#2 /var/www/html/framework/web/CWebApplication.php(141): CWebApplication->runController('gii')
#3 /var/www/html/framework/base/CApplication.php(185): CWebApplication->processRequest()
#4 /var/www/html/crud_template/index.php(13): CApplication->run()
#5 {main}
REQUEST_URI=/crud_template/index.php?r=gii
---
2025/06/26 15:25:58 [error] [exception.CHttpException.403] CHttpException: You are not allowed to access this page. in /var/www/html/framework/gii/GiiModule.php:170
Stack trace:
#0 /var/www/html/framework/web/CController.php(263): GiiModule->beforeControllerAction(Object(DefaultController), Object(CInlineAction))
#1 /var/www/html/framework/web/CWebApplication.php(282): CController->run('')
#2 /var/www/html/framework/web/CWebApplication.php(141): CWebApplication->runController('gii')
#3 /var/www/html/framework/base/CApplication.php(185): CWebApplication->processRequest()
#4 /var/www/html/crud_template/index.php(13): CApplication->run()
#5 {main}
REQUEST_URI=/crud_template/index.php?r=gii
---
2025/06/26 15:25:58 [error] [exception.CHttpException.403] CHttpException: You are not allowed to access this page. in /var/www/html/framework/gii/GiiModule.php:170
Stack trace:
#0 /var/www/html/framework/web/CController.php(263): GiiModule->beforeControllerAction(Object(DefaultController), Object(CInlineAction))
#1 /var/www/html/framework/web/CWebApplication.php(282): CController->run('')
#2 /var/www/html/framework/web/CWebApplication.php(141): CWebApplication->runController('gii')
#3 /var/www/html/framework/base/CApplication.php(185): CWebApplication->processRequest()
#4 /var/www/html/crud_template/index.php(13): CApplication->run()
#5 {main}
REQUEST_URI=/crud_template/index.php?r=gii
---
2025/06/26 15:25:59 [error] [exception.CHttpException.403] CHttpException: You are not allowed to access this page. in /var/www/html/framework/gii/GiiModule.php:170
Stack trace:
#0 /var/www/html/framework/web/CController.php(263): GiiModule->beforeControllerAction(Object(DefaultController), Object(CInlineAction))
#1 /var/www/html/framework/web/CWebApplication.php(282): CController->run('')
#2 /var/www/html/framework/web/CWebApplication.php(141): CWebApplication->runController('gii')
#3 /var/www/html/framework/base/CApplication.php(185): CWebApplication->processRequest()
#4 /var/www/html/crud_template/index.php(13): CApplication->run()
#5 {main}
REQUEST_URI=/crud_template/index.php?r=gii
---
2025/06/26 15:26:59 [error] [exception.CHttpException.403] CHttpException: You are not allowed to access this page. in /var/www/html/framework/gii/GiiModule.php:170
Stack trace:
#0 /var/www/html/framework/web/CController.php(263): GiiModule->beforeControllerAction(Object(DefaultController), Object(CInlineAction))
#1 /var/www/html/framework/web/CWebApplication.php(282): CController->run('')
#2 /var/www/html/framework/web/CWebApplication.php(141): CWebApplication->runController('gii')
#3 /var/www/html/framework/base/CApplication.php(185): CWebApplication->processRequest()
#4 /var/www/html/crud_template/index.php(13): CApplication->run()
#5 {main}
REQUEST_URI=/crud_template/index.php?r=gii
---
2025/06/26 15:26:59 [error] [exception.CHttpException.403] CHttpException: You are not allowed to access this page. in /var/www/html/framework/gii/GiiModule.php:170
Stack trace:
#0 /var/www/html/framework/web/CController.php(263): GiiModule->beforeControllerAction(Object(DefaultController), Object(CInlineAction))
#1 /var/www/html/framework/web/CWebApplication.php(282): CController->run('')
#2 /var/www/html/framework/web/CWebApplication.php(141): CWebApplication->runController('gii')
#3 /var/www/html/framework/base/CApplication.php(185): CWebApplication->processRequest()
#4 /var/www/html/crud_template/index.php(13): CApplication->run()
#5 {main}
REQUEST_URI=/crud_template/index.php?r=gii
---
2025/06/26 15:26:59 [error] [exception.CHttpException.403] CHttpException: You are not allowed to access this page. in /var/www/html/framework/gii/GiiModule.php:170
Stack trace:
#0 /var/www/html/framework/web/CController.php(263): GiiModule->beforeControllerAction(Object(DefaultController), Object(CInlineAction))
#1 /var/www/html/framework/web/CWebApplication.php(282): CController->run('')
#2 /var/www/html/framework/web/CWebApplication.php(141): CWebApplication->runController('gii')
#3 /var/www/html/framework/base/CApplication.php(185): CWebApplication->processRequest()
#4 /var/www/html/crud_template/index.php(13): CApplication->run()
#5 {main}
REQUEST_URI=/crud_template/index.php?r=gii
---
2025/06/26 15:27:00 [error] [exception.CHttpException.403] CHttpException: You are not allowed to access this page. in /var/www/html/framework/gii/GiiModule.php:170
Stack trace:
#0 /var/www/html/framework/web/CController.php(263): GiiModule->beforeControllerAction(Object(DefaultController), Object(CInlineAction))
#1 /var/www/html/framework/web/CWebApplication.php(282): CController->run('')
#2 /var/www/html/framework/web/CWebApplication.php(141): CWebApplication->runController('gii')
#3 /var/www/html/framework/base/CApplication.php(185): CWebApplication->processRequest()
#4 /var/www/html/crud_template/index.php(13): CApplication->run()
#5 {main}
REQUEST_URI=/crud_template/index.php?r=gii
---
2025/06/26 15:27:39 [error] [exception.CHttpException.403] CHttpException: You are not allowed to access this page. in /var/www/html/framework/gii/GiiModule.php:170
Stack trace:
#0 /var/www/html/framework/web/CController.php(263): GiiModule->beforeControllerAction(Object(DefaultController), Object(CInlineAction))
#1 /var/www/html/framework/web/CWebApplication.php(282): CController->run('')
#2 /var/www/html/framework/web/CWebApplication.php(141): CWebApplication->runController('gii')
#3 /var/www/html/framework/base/CApplication.php(185): CWebApplication->processRequest()
#4 /var/www/html/crud_template/index.php(13): CApplication->run()
#5 {main}
REQUEST_URI=/crud_template/index.php?r=gii
---
2025/06/26 15:27:40 [error] [exception.CHttpException.403] CHttpException: You are not allowed to access this page. in /var/www/html/framework/gii/GiiModule.php:170
Stack trace:
#0 /var/www/html/framework/web/CController.php(263): GiiModule->beforeControllerAction(Object(DefaultController), Object(CInlineAction))
#1 /var/www/html/framework/web/CWebApplication.php(282): CController->run('')
#2 /var/www/html/framework/web/CWebApplication.php(141): CWebApplication->runController('gii')
#3 /var/www/html/framework/base/CApplication.php(185): CWebApplication->processRequest()
#4 /var/www/html/crud_template/index.php(13): CApplication->run()
#5 {main}
REQUEST_URI=/crud_template/index.php?r=gii
---
2025/06/26 15:27:46 [error] [exception.CHttpException.403] CHttpException: You are not allowed to access this page. in /var/www/html/framework/gii/GiiModule.php:170
Stack trace:
#0 /var/www/html/framework/web/CController.php(263): GiiModule->beforeControllerAction(Object(DefaultController), Object(CInlineAction))
#1 /var/www/html/framework/web/CWebApplication.php(282): CController->run('')
#2 /var/www/html/framework/web/CWebApplication.php(141): CWebApplication->runController('gii')
#3 /var/www/html/framework/base/CApplication.php(185): CWebApplication->processRequest()
#4 /var/www/html/crud_template/index.php(13): CApplication->run()
#5 {main}
REQUEST_URI=/crud_template/index.php?r=gii
---
2025/06/26 15:27:46 [error] [exception.CHttpException.403] CHttpException: You are not allowed to access this page. in /var/www/html/framework/gii/GiiModule.php:170
Stack trace:
#0 /var/www/html/framework/web/CController.php(263): GiiModule->beforeControllerAction(Object(DefaultController), Object(CInlineAction))
#1 /var/www/html/framework/web/CWebApplication.php(282): CController->run('')
#2 /var/www/html/framework/web/CWebApplication.php(141): CWebApplication->runController('gii')
#3 /var/www/html/framework/base/CApplication.php(185): CWebApplication->processRequest()
#4 /var/www/html/crud_template/index.php(13): CApplication->run()
#5 {main}
REQUEST_URI=/crud_template/index.php?r=gii
---
2025/06/26 15:27:46 [error] [exception.CHttpException.403] CHttpException: You are not allowed to access this page. in /var/www/html/framework/gii/GiiModule.php:170
Stack trace:
#0 /var/www/html/framework/web/CController.php(263): GiiModule->beforeControllerAction(Object(DefaultController), Object(CInlineAction))
#1 /var/www/html/framework/web/CWebApplication.php(282): CController->run('')
#2 /var/www/html/framework/web/CWebApplication.php(141): CWebApplication->runController('gii')
#3 /var/www/html/framework/base/CApplication.php(185): CWebApplication->processRequest()
#4 /var/www/html/crud_template/index.php(13): CApplication->run()
#5 {main}
REQUEST_URI=/crud_template/index.php?r=gii
---
2025/06/26 15:27:46 [error] [exception.CHttpException.403] CHttpException: You are not allowed to access this page. in /var/www/html/framework/gii/GiiModule.php:170
Stack trace:
#0 /var/www/html/framework/web/CController.php(263): GiiModule->beforeControllerAction(Object(DefaultController), Object(CInlineAction))
#1 /var/www/html/framework/web/CWebApplication.php(282): CController->run('')
#2 /var/www/html/framework/web/CWebApplication.php(141): CWebApplication->runController('gii')
#3 /var/www/html/framework/base/CApplication.php(185): CWebApplication->processRequest()
#4 /var/www/html/crud_template/index.php(13): CApplication->run()
#5 {main}
REQUEST_URI=/crud_template/index.php?r=gii
---
2025/06/26 15:27:47 [error] [exception.CHttpException.403] CHttpException: You are not allowed to access this page. in /var/www/html/framework/gii/GiiModule.php:170
Stack trace:
#0 /var/www/html/framework/web/CController.php(263): GiiModule->beforeControllerAction(Object(DefaultController), Object(CInlineAction))
#1 /var/www/html/framework/web/CWebApplication.php(282): CController->run('')
#2 /var/www/html/framework/web/CWebApplication.php(141): CWebApplication->runController('gii')
#3 /var/www/html/framework/base/CApplication.php(185): CWebApplication->processRequest()
#4 /var/www/html/crud_template/index.php(13): CApplication->run()
#5 {main}
REQUEST_URI=/crud_template/index.php?r=gii
---
2025/06/26 15:27:47 [error] [exception.CHttpException.403] CHttpException: You are not allowed to access this page. in /var/www/html/framework/gii/GiiModule.php:170
Stack trace:
#0 /var/www/html/framework/web/CController.php(263): GiiModule->beforeControllerAction(Object(DefaultController), Object(CInlineAction))
#1 /var/www/html/framework/web/CWebApplication.php(282): CController->run('')
#2 /var/www/html/framework/web/CWebApplication.php(141): CWebApplication->runController('gii')
#3 /var/www/html/framework/base/CApplication.php(185): CWebApplication->processRequest()
#4 /var/www/html/crud_template/index.php(13): CApplication->run()
#5 {main}
REQUEST_URI=/crud_template/index.php?r=gii
---
2025/06/26 15:27:47 [error] [exception.CHttpException.403] CHttpException: You are not allowed to access this page. in /var/www/html/framework/gii/GiiModule.php:170
Stack trace:
#0 /var/www/html/framework/web/CController.php(263): GiiModule->beforeControllerAction(Object(DefaultController), Object(CInlineAction))
#1 /var/www/html/framework/web/CWebApplication.php(282): CController->run('')
#2 /var/www/html/framework/web/CWebApplication.php(141): CWebApplication->runController('gii')
#3 /var/www/html/framework/base/CApplication.php(185): CWebApplication->processRequest()
#4 /var/www/html/crud_template/index.php(13): CApplication->run()
#5 {main}
REQUEST_URI=/crud_template/index.php?r=gii
---
2025/06/26 15:27:47 [error] [exception.CHttpException.403] CHttpException: You are not allowed to access this page. in /var/www/html/framework/gii/GiiModule.php:170
Stack trace:
#0 /var/www/html/framework/web/CController.php(263): GiiModule->beforeControllerAction(Object(DefaultController), Object(CInlineAction))
#1 /var/www/html/framework/web/CWebApplication.php(282): CController->run('')
#2 /var/www/html/framework/web/CWebApplication.php(141): CWebApplication->runController('gii')
#3 /var/www/html/framework/base/CApplication.php(185): CWebApplication->processRequest()
#4 /var/www/html/crud_template/index.php(13): CApplication->run()
#5 {main}
REQUEST_URI=/crud_template/index.php?r=gii
---
2025/06/26 15:27:48 [error] [exception.CHttpException.403] CHttpException: You are not allowed to access this page. in /var/www/html/framework/gii/GiiModule.php:170
Stack trace:
#0 /var/www/html/framework/web/CController.php(263): GiiModule->beforeControllerAction(Object(DefaultController), Object(CInlineAction))
#1 /var/www/html/framework/web/CWebApplication.php(282): CController->run('')
#2 /var/www/html/framework/web/CWebApplication.php(141): CWebApplication->runController('gii')
#3 /var/www/html/framework/base/CApplication.php(185): CWebApplication->processRequest()
#4 /var/www/html/crud_template/index.php(13): CApplication->run()
#5 {main}
REQUEST_URI=/crud_template/index.php?r=gii
---
2025/06/26 15:27:48 [error] [exception.CHttpException.403] CHttpException: You are not allowed to access this page. in /var/www/html/framework/gii/GiiModule.php:170
Stack trace:
#0 /var/www/html/framework/web/CController.php(263): GiiModule->beforeControllerAction(Object(DefaultController), Object(CInlineAction))
#1 /var/www/html/framework/web/CWebApplication.php(282): CController->run('')
#2 /var/www/html/framework/web/CWebApplication.php(141): CWebApplication->runController('gii')
#3 /var/www/html/framework/base/CApplication.php(185): CWebApplication->processRequest()
#4 /var/www/html/crud_template/index.php(13): CApplication->run()
#5 {main}
REQUEST_URI=/crud_template/index.php?r=gii
---
2025/06/26 15:27:48 [error] [exception.CHttpException.403] CHttpException: You are not allowed to access this page. in /var/www/html/framework/gii/GiiModule.php:170
Stack trace:
#0 /var/www/html/framework/web/CController.php(263): GiiModule->beforeControllerAction(Object(DefaultController), Object(CInlineAction))
#1 /var/www/html/framework/web/CWebApplication.php(282): CController->run('')
#2 /var/www/html/framework/web/CWebApplication.php(141): CWebApplication->runController('gii')
#3 /var/www/html/framework/base/CApplication.php(185): CWebApplication->processRequest()
#4 /var/www/html/crud_template/index.php(13): CApplication->run()
#5 {main}
REQUEST_URI=/crud_template/index.php?r=gii
---
2025/06/26 15:27:48 [error] [exception.CHttpException.403] CHttpException: You are not allowed to access this page. in /var/www/html/framework/gii/GiiModule.php:170
Stack trace:
#0 /var/www/html/framework/web/CController.php(263): GiiModule->beforeControllerAction(Object(DefaultController), Object(CInlineAction))
#1 /var/www/html/framework/web/CWebApplication.php(282): CController->run('')
#2 /var/www/html/framework/web/CWebApplication.php(141): CWebApplication->runController('gii')
#3 /var/www/html/framework/base/CApplication.php(185): CWebApplication->processRequest()
#4 /var/www/html/crud_template/index.php(13): CApplication->run()
#5 {main}
REQUEST_URI=/crud_template/index.php?r=gii
---
2025/06/26 15:27:54 [error] [exception.CHttpException.403] CHttpException: You are not allowed to access this page. in /var/www/html/framework/gii/GiiModule.php:170
Stack trace:
#0 /var/www/html/framework/web/CController.php(263): GiiModule->beforeControllerAction(Object(DefaultController), Object(CInlineAction))
#1 /var/www/html/framework/web/CWebApplication.php(282): CController->run('')
#2 /var/www/html/framework/web/CWebApplication.php(141): CWebApplication->runController('gii')
#3 /var/www/html/framework/base/CApplication.php(185): CWebApplication->processRequest()
#4 /var/www/html/crud_template/index.php(13): CApplication->run()
#5 {main}
REQUEST_URI=/crud_template/index.php?r=gii
---
2025/06/26 15:28:32 [error] [exception.CHttpException.403] CHttpException: You are not allowed to access this page. in /var/www/html/framework/gii/GiiModule.php:170
Stack trace:
#0 /var/www/html/framework/web/CController.php(263): GiiModule->beforeControllerAction(Object(DefaultController), Object(CInlineAction))
#1 /var/www/html/framework/web/CWebApplication.php(282): CController->run('')
#2 /var/www/html/framework/web/CWebApplication.php(141): CWebApplication->runController('gii')
#3 /var/www/html/framework/base/CApplication.php(185): CWebApplication->processRequest()
#4 /var/www/html/crud_template/index.php(13): CApplication->run()
#5 {main}
REQUEST_URI=/crud_template/index.php?r=gii
---
2025/06/26 15:28:33 [error] [exception.CHttpException.403] CHttpException: You are not allowed to access this page. in /var/www/html/framework/gii/GiiModule.php:170
Stack trace:
#0 /var/www/html/framework/web/CController.php(263): GiiModule->beforeControllerAction(Object(DefaultController), Object(CInlineAction))
#1 /var/www/html/framework/web/CWebApplication.php(282): CController->run('')
#2 /var/www/html/framework/web/CWebApplication.php(141): CWebApplication->runController('gii')
#3 /var/www/html/framework/base/CApplication.php(185): CWebApplication->processRequest()
#4 /var/www/html/crud_template/index.php(13): CApplication->run()
#5 {main}
REQUEST_URI=/crud_template/index.php?r=gii
---
2025/06/26 15:28:33 [error] [exception.CHttpException.403] CHttpException: You are not allowed to access this page. in /var/www/html/framework/gii/GiiModule.php:170
Stack trace:
#0 /var/www/html/framework/web/CController.php(263): GiiModule->beforeControllerAction(Object(DefaultController), Object(CInlineAction))
#1 /var/www/html/framework/web/CWebApplication.php(282): CController->run('')
#2 /var/www/html/framework/web/CWebApplication.php(141): CWebApplication->runController('gii')
#3 /var/www/html/framework/base/CApplication.php(185): CWebApplication->processRequest()
#4 /var/www/html/crud_template/index.php(13): CApplication->run()
#5 {main}
REQUEST_URI=/crud_template/index.php?r=gii
---
2025/06/26 15:28:38 [error] [exception.CHttpException.403] CHttpException: You are not allowed to access this page. in /var/www/html/framework/gii/GiiModule.php:170
Stack trace:
#0 /var/www/html/framework/web/CController.php(263): GiiModule->beforeControllerAction(Object(DefaultController), Object(CInlineAction))
#1 /var/www/html/framework/web/CWebApplication.php(282): CController->run('')
#2 /var/www/html/framework/web/CWebApplication.php(141): CWebApplication->runController('gii')
#3 /var/www/html/framework/base/CApplication.php(185): CWebApplication->processRequest()
#4 /var/www/html/crud_template/index.php(13): CApplication->run()
#5 {main}
REQUEST_URI=/crud_template/index.php?r=gii
---
2025/06/26 15:28:41 [error] [exception.CHttpException.403] CHttpException: You are not allowed to access this page. in /var/www/html/framework/gii/GiiModule.php:170
Stack trace:
#0 /var/www/html/framework/web/CController.php(263): GiiModule->beforeControllerAction(Object(DefaultController), Object(CInlineAction))
#1 /var/www/html/framework/web/CWebApplication.php(282): CController->run('')
#2 /var/www/html/framework/web/CWebApplication.php(141): CWebApplication->runController('gii')
#3 /var/www/html/framework/base/CApplication.php(185): CWebApplication->processRequest()
#4 /var/www/html/crud_template/index.php(13): CApplication->run()
#5 {main}
REQUEST_URI=/crud_template/index.php?r=gii
---
2025/06/26 15:28:45 [error] [exception.CHttpException.403] CHttpException: You are not allowed to access this page. in /var/www/html/framework/gii/GiiModule.php:170
Stack trace:
#0 /var/www/html/framework/web/CController.php(263): GiiModule->beforeControllerAction(Object(DefaultController), Object(CInlineAction))
#1 /var/www/html/framework/web/CWebApplication.php(282): CController->run('')
#2 /var/www/html/framework/web/CWebApplication.php(141): CWebApplication->runController('gii')
#3 /var/www/html/framework/base/CApplication.php(185): CWebApplication->processRequest()
#4 /var/www/html/crud_template/index.php(13): CApplication->run()
#5 {main}
REQUEST_URI=/crud_template/index.php?r=gii
---
2025/06/26 15:28:51 [error] [exception.CHttpException.403] CHttpException: You are not allowed to access this page. in /var/www/html/framework/gii/GiiModule.php:170
Stack trace:
#0 /var/www/html/framework/web/CController.php(263): GiiModule->beforeControllerAction(Object(DefaultController), Object(CInlineAction))
#1 /var/www/html/framework/web/CWebApplication.php(282): CController->run('')
#2 /var/www/html/framework/web/CWebApplication.php(141): CWebApplication->runController('gii')
#3 /var/www/html/framework/base/CApplication.php(185): CWebApplication->processRequest()
#4 /var/www/html/crud_template/index.php(13): CApplication->run()
#5 {main}
REQUEST_URI=/crud_template/index.php?r=gii
---
2025/06/26 15:30:37 [error] [exception.CHttpException.403] CHttpException: You are not allowed to access this page. in /var/www/html/framework/gii/GiiModule.php:170
Stack trace:
#0 /var/www/html/framework/web/CController.php(263): GiiModule->beforeControllerAction(Object(DefaultController), Object(CInlineAction))
#1 /var/www/html/framework/web/CWebApplication.php(282): CController->run('')
#2 /var/www/html/framework/web/CWebApplication.php(141): CWebApplication->runController('gii')
#3 /var/www/html/framework/base/CApplication.php(185): CWebApplication->processRequest()
#4 /var/www/html/crud_template/index.php(13): CApplication->run()
#5 {main}
REQUEST_URI=/crud_template/index.php?r=gii
---
2025/06/26 15:30:37 [error] [exception.CHttpException.403] CHttpException: You are not allowed to access this page. in /var/www/html/framework/gii/GiiModule.php:170
Stack trace:
#0 /var/www/html/framework/web/CController.php(263): GiiModule->beforeControllerAction(Object(DefaultController), Object(CInlineAction))
#1 /var/www/html/framework/web/CWebApplication.php(282): CController->run('')
#2 /var/www/html/framework/web/CWebApplication.php(141): CWebApplication->runController('gii')
#3 /var/www/html/framework/base/CApplication.php(185): CWebApplication->processRequest()
#4 /var/www/html/crud_template/index.php(13): CApplication->run()
#5 {main}
REQUEST_URI=/crud_template/index.php?r=gii
---
2025/06/26 15:30:37 [error] [exception.CHttpException.403] CHttpException: You are not allowed to access this page. in /var/www/html/framework/gii/GiiModule.php:170
Stack trace:
#0 /var/www/html/framework/web/CController.php(263): GiiModule->beforeControllerAction(Object(DefaultController), Object(CInlineAction))
#1 /var/www/html/framework/web/CWebApplication.php(282): CController->run('')
#2 /var/www/html/framework/web/CWebApplication.php(141): CWebApplication->runController('gii')
#3 /var/www/html/framework/base/CApplication.php(185): CWebApplication->processRequest()
#4 /var/www/html/crud_template/index.php(13): CApplication->run()
#5 {main}
REQUEST_URI=/crud_template/index.php?r=gii
---
2025/06/26 15:30:37 [error] [exception.CHttpException.403] CHttpException: You are not allowed to access this page. in /var/www/html/framework/gii/GiiModule.php:170
Stack trace:
#0 /var/www/html/framework/web/CController.php(263): GiiModule->beforeControllerAction(Object(DefaultController), Object(CInlineAction))
#1 /var/www/html/framework/web/CWebApplication.php(282): CController->run('')
#2 /var/www/html/framework/web/CWebApplication.php(141): CWebApplication->runController('gii')
#3 /var/www/html/framework/base/CApplication.php(185): CWebApplication->processRequest()
#4 /var/www/html/crud_template/index.php(13): CApplication->run()
#5 {main}
REQUEST_URI=/crud_template/index.php?r=gii
---
2025/06/26 15:30:38 [error] [exception.CHttpException.403] CHttpException: You are not allowed to access this page. in /var/www/html/framework/gii/GiiModule.php:170
Stack trace:
#0 /var/www/html/framework/web/CController.php(263): GiiModule->beforeControllerAction(Object(DefaultController), Object(CInlineAction))
#1 /var/www/html/framework/web/CWebApplication.php(282): CController->run('')
#2 /var/www/html/framework/web/CWebApplication.php(141): CWebApplication->runController('gii')
#3 /var/www/html/framework/base/CApplication.php(185): CWebApplication->processRequest()
#4 /var/www/html/crud_template/index.php(13): CApplication->run()
#5 {main}
REQUEST_URI=/crud_template/index.php?r=gii
---
2025/06/26 15:32:34 [error] [exception.CHttpException.403] CHttpException: You are not allowed to access this page. in /var/www/html/framework/gii/GiiModule.php:170
Stack trace:
#0 /var/www/html/framework/web/CController.php(263): GiiModule->beforeControllerAction(Object(DefaultController), Object(CInlineAction))
#1 /var/www/html/framework/web/CWebApplication.php(282): CController->run('')
#2 /var/www/html/framework/web/CWebApplication.php(141): CWebApplication->runController('gii')
#3 /var/www/html/framework/base/CApplication.php(185): CWebApplication->processRequest()
#4 /var/www/html/crud_template/index.php(13): CApplication->run()
#5 {main}
REQUEST_URI=/crud_template/index.php?r=gii
---
2025/06/26 15:32:34 [error] [exception.CHttpException.403] CHttpException: You are not allowed to access this page. in /var/www/html/framework/gii/GiiModule.php:170
Stack trace:
#0 /var/www/html/framework/web/CController.php(263): GiiModule->beforeControllerAction(Object(DefaultController), Object(CInlineAction))
#1 /var/www/html/framework/web/CWebApplication.php(282): CController->run('')
#2 /var/www/html/framework/web/CWebApplication.php(141): CWebApplication->runController('gii')
#3 /var/www/html/framework/base/CApplication.php(185): CWebApplication->processRequest()
#4 /var/www/html/crud_template/index.php(13): CApplication->run()
#5 {main}
REQUEST_URI=/crud_template/index.php?r=gii
---
2025/06/26 15:32:34 [error] [exception.CHttpException.403] CHttpException: You are not allowed to access this page. in /var/www/html/framework/gii/GiiModule.php:170
Stack trace:
#0 /var/www/html/framework/web/CController.php(263): GiiModule->beforeControllerAction(Object(DefaultController), Object(CInlineAction))
#1 /var/www/html/framework/web/CWebApplication.php(282): CController->run('')
#2 /var/www/html/framework/web/CWebApplication.php(141): CWebApplication->runController('gii')
#3 /var/www/html/framework/base/CApplication.php(185): CWebApplication->processRequest()
#4 /var/www/html/crud_template/index.php(13): CApplication->run()
#5 {main}
REQUEST_URI=/crud_template/index.php?r=gii
---
2025/06/26 15:32:35 [error] [exception.CHttpException.403] CHttpException: You are not allowed to access this page. in /var/www/html/framework/gii/GiiModule.php:170
Stack trace:
#0 /var/www/html/framework/web/CController.php(263): GiiModule->beforeControllerAction(Object(DefaultController), Object(CInlineAction))
#1 /var/www/html/framework/web/CWebApplication.php(282): CController->run('')
#2 /var/www/html/framework/web/CWebApplication.php(141): CWebApplication->runController('gii')
#3 /var/www/html/framework/base/CApplication.php(185): CWebApplication->processRequest()
#4 /var/www/html/crud_template/index.php(13): CApplication->run()
#5 {main}
REQUEST_URI=/crud_template/index.php?r=gii
---
2025/06/26 15:38:38 [error] [exception.CHttpException.404] CHttpException: The system is unable to find the requested action "users". in /var/www/html/framework/web/CController.php:486
Stack trace:
#0 /var/www/html/framework/web/CController.php(270): CController->missingAction('users')
#1 /var/www/html/framework/web/CWebApplication.php(282): CController->run('users')
#2 /var/www/html/framework/web/CWebApplication.php(141): CWebApplication->runController('site/users')
#3 /var/www/html/framework/base/CApplication.php(185): CWebApplication->processRequest()
#4 /var/www/html/crud_template/index.php(13): CApplication->run()
#5 {main}
REQUEST_URI=/crud_template/index.php/site/users
---
2025/06/26 15:38:41 [error] [exception.CHttpException.404] CHttpException: The system is unable to find the requested action "user". in /var/www/html/framework/web/CController.php:486
Stack trace:
#0 /var/www/html/framework/web/CController.php(270): CController->missingAction('user')
#1 /var/www/html/framework/web/CWebApplication.php(282): CController->run('user')
#2 /var/www/html/framework/web/CWebApplication.php(141): CWebApplication->runController('site/user')
#3 /var/www/html/framework/base/CApplication.php(185): CWebApplication->processRequest()
#4 /var/www/html/crud_template/index.php(13): CApplication->run()
#5 {main}
REQUEST_URI=/crud_template/index.php/site/user
---
2025/06/26 15:39:28 [error] [exception.CHttpException.404] CHttpException: The requested view "users" was not found. in /var/www/html/framework/web/actions/CViewAction.php:111
Stack trace:
#0 /var/www/html/framework/web/actions/CViewAction.php(122): CViewAction->resolveView('users')
#1 /var/www/html/framework/web/actions/CAction.php(76): CViewAction->run()
#2 /var/www/html/framework/web/CController.php(308): CAction->runWithParams(Array)
#3 /var/www/html/framework/web/CController.php(286): CController->runAction(Object(CViewAction))
#4 /var/www/html/framework/web/CController.php(265): CController->runActionWithFilters(Object(CViewAction), Array)
#5 /var/www/html/framework/web/CWebApplication.php(282): CController->run('page')
#6 /var/www/html/framework/web/CWebApplication.php(141): CWebApplication->runController('site/page')
#7 /var/www/html/framework/base/CApplication.php(185): CWebApplication->processRequest()
#8 /var/www/html/crud_template/index.php(13): CApplication->run()
#9 {main}
REQUEST_URI=/crud_template/index.php/site/page?view=users
---
2025/06/26 15:39:31 [error] [exception.CHttpException.404] CHttpException: The requested view "user" was not found. in /var/www/html/framework/web/actions/CViewAction.php:111
Stack trace:
#0 /var/www/html/framework/web/actions/CViewAction.php(122): CViewAction->resolveView('user')
#1 /var/www/html/framework/web/actions/CAction.php(76): CViewAction->run()
#2 /var/www/html/framework/web/CController.php(308): CAction->runWithParams(Array)
#3 /var/www/html/framework/web/CController.php(286): CController->runAction(Object(CViewAction))
#4 /var/www/html/framework/web/CController.php(265): CController->runActionWithFilters(Object(CViewAction), Array)
#5 /var/www/html/framework/web/CWebApplication.php(282): CController->run('page')
#6 /var/www/html/framework/web/CWebApplication.php(141): CWebApplication->runController('site/page')
#7 /var/www/html/framework/base/CApplication.php(185): CWebApplication->processRequest()
#8 /var/www/html/crud_template/index.php(13): CApplication->run()
#9 {main}
REQUEST_URI=/crud_template/index.php/site/page?view=user
---
2025/06/26 16:00:02 [error] [exception.CException] CException: UsersController has an extra endWidget(CContentDecorator) call in its view. in /var/www/html/framework/web/CBaseController.php:219
Stack trace:
#0 /var/www/html/framework/web/CBaseController.php(309): CBaseController->endWidget('CContentDecorat...')
#1 /var/www/html/crud_template/protected/views/layouts/column2.php(20): CBaseController->endContent()
#2 /var/www/html/framework/web/CBaseController.php(126): require('/var/www/html/c...')
#3 /var/www/html/framework/web/CBaseController.php(95): CBaseController->renderInternal('/var/www/html/c...', Array, true)
#4 /var/www/html/framework/web/CController.php(787): CBaseController->renderFile('/var/www/html/c...', Array, true)
#5 /var/www/html/crud_template/protected/controllers/UsersController.php(126): CController->render('index', Array)
#6 /var/www/html/framework/web/actions/CInlineAction.php(49): UsersController->actionIndex()
#7 /var/www/html/framework/web/CController.php(308): CInlineAction->runWithParams(Array)
#8 /var/www/html/framework/web/filters/CFilterChain.php(134): CController->runAction(Object(CInlineAction))
#9 /var/www/html/framework/web/filters/CFilter.php(40): CFilterChain->run()
#10 /var/www/html/framework/web/CController.php(1148): CFilter->filter(Object(CFilterChain))
#11 /var/www/html/framework/web/filters/CInlineFilter.php(58): CController->filterAccessControl(Object(CFilterChain))
#12 /var/www/html/framework/web/filters/CFilterChain.php(131): CInlineFilter->filter(Object(CFilterChain))
#13 /var/www/html/framework/web/CController.php(291): CFilterChain->run()
#14 /var/www/html/framework/web/CController.php(265): CController->runActionWithFilters(Object(CInlineAction), Array)
#15 /var/www/html/framework/web/CWebApplication.php(282): CController->run('')
#16 /var/www/html/framework/web/CWebApplication.php(141): CWebApplication->runController('users')
#17 /var/www/html/framework/base/CApplication.php(185): CWebApplication->processRequest()
#18 /var/www/html/crud_template/index.php(13): CApplication->run()
#19 {main}
REQUEST_URI=/crud_template/index.php?r=users
---
2025/06/26 16:00:03 [error] [exception.CException] CException: UsersController has an extra endWidget(CContentDecorator) call in its view. in /var/www/html/framework/web/CBaseController.php:219
Stack trace:
#0 /var/www/html/framework/web/CBaseController.php(309): CBaseController->endWidget('CContentDecorat...')
#1 /var/www/html/crud_template/protected/views/layouts/column2.php(20): CBaseController->endContent()
#2 /var/www/html/framework/web/CBaseController.php(126): require('/var/www/html/c...')
#3 /var/www/html/framework/web/CBaseController.php(95): CBaseController->renderInternal('/var/www/html/c...', Array, true)
#4 /var/www/html/framework/web/CController.php(787): CBaseController->renderFile('/var/www/html/c...', Array, true)
#5 /var/www/html/crud_template/protected/controllers/UsersController.php(126): CController->render('index', Array)
#6 /var/www/html/framework/web/actions/CInlineAction.php(49): UsersController->actionIndex()
#7 /var/www/html/framework/web/CController.php(308): CInlineAction->runWithParams(Array)
#8 /var/www/html/framework/web/filters/CFilterChain.php(134): CController->runAction(Object(CInlineAction))
#9 /var/www/html/framework/web/filters/CFilter.php(40): CFilterChain->run()
#10 /var/www/html/framework/web/CController.php(1148): CFilter->filter(Object(CFilterChain))
#11 /var/www/html/framework/web/filters/CInlineFilter.php(58): CController->filterAccessControl(Object(CFilterChain))
#12 /var/www/html/framework/web/filters/CFilterChain.php(131): CInlineFilter->filter(Object(CFilterChain))
#13 /var/www/html/framework/web/CController.php(291): CFilterChain->run()
#14 /var/www/html/framework/web/CController.php(265): CController->runActionWithFilters(Object(CInlineAction), Array)
#15 /var/www/html/framework/web/CWebApplication.php(282): CController->run('')
#16 /var/www/html/framework/web/CWebApplication.php(141): CWebApplication->runController('users')
#17 /var/www/html/framework/base/CApplication.php(185): CWebApplication->processRequest()
#18 /var/www/html/crud_template/index.php(13): CApplication->run()
#19 {main}
REQUEST_URI=/crud_template/index.php?r=users
---
2025/06/26 17:06:47 [error] [exception.CHttpException.403] CHttpException: You are not authorized to perform this action. in /var/www/html/framework/web/auth/CAccessControlFilter.php:183
Stack trace:
#0 /var/www/html/framework/web/auth/CAccessControlFilter.php(145): CAccessControlFilter->accessDenied(Object(CWebUser), 'You are not aut...')
#1 /var/www/html/framework/web/filters/CFilter.php(38): CAccessControlFilter->preFilter(Object(CFilterChain))
#2 /var/www/html/framework/web/CController.php(1148): CFilter->filter(Object(CFilterChain))
#3 /var/www/html/framework/web/filters/CInlineFilter.php(58): CController->filterAccessControl(Object(CFilterChain))
#4 /var/www/html/framework/web/filters/CFilterChain.php(131): CInlineFilter->filter(Object(CFilterChain))
#5 /var/www/html/framework/web/CController.php(291): CFilterChain->run()
#6 /var/www/html/framework/web/CController.php(265): CController->runActionWithFilters(Object(CInlineAction), Array)
#7 /var/www/html/framework/web/CWebApplication.php(282): CController->run('createnn')
#8 /var/www/html/framework/web/CWebApplication.php(141): CWebApplication->runController('users/createnn')
#9 /var/www/html/framework/base/CApplication.php(185): CWebApplication->processRequest()
#10 /var/www/html/crud_template/index.php(13): CApplication->run()
#11 {main}
REQUEST_URI=/crud_template/index.php?r=users/createnn
---
2025/06/26 17:06:52 [error] [exception.CHttpException.403] CHttpException: You are not authorized to perform this action. in /var/www/html/framework/web/auth/CAccessControlFilter.php:183
Stack trace:
#0 /var/www/html/framework/web/auth/CAccessControlFilter.php(145): CAccessControlFilter->accessDenied(Object(CWebUser), 'You are not aut...')
#1 /var/www/html/framework/web/filters/CFilter.php(38): CAccessControlFilter->preFilter(Object(CFilterChain))
#2 /var/www/html/framework/web/CController.php(1148): CFilter->filter(Object(CFilterChain))
#3 /var/www/html/framework/web/filters/CInlineFilter.php(58): CController->filterAccessControl(Object(CFilterChain))
#4 /var/www/html/framework/web/filters/CFilterChain.php(131): CInlineFilter->filter(Object(CFilterChain))
#5 /var/www/html/framework/web/CController.php(291): CFilterChain->run()
#6 /var/www/html/framework/web/CController.php(265): CController->runActionWithFilters(Object(CInlineAction), Array)
#7 /var/www/html/framework/web/CWebApplication.php(282): CController->run('createnn')
#8 /var/www/html/framework/web/CWebApplication.php(141): CWebApplication->runController('users/createnn')
#9 /var/www/html/framework/base/CApplication.php(185): CWebApplication->processRequest()
#10 /var/www/html/crud_template/index.php(13): CApplication->run()
#11 {main}
REQUEST_URI=/crud_template/index.php?r=users/createnn
---
2025/06/26 17:06:53 [error] [exception.CHttpException.403] CHttpException: You are not authorized to perform this action. in /var/www/html/framework/web/auth/CAccessControlFilter.php:183
Stack trace:
#0 /var/www/html/framework/web/auth/CAccessControlFilter.php(145): CAccessControlFilter->accessDenied(Object(CWebUser), 'You are not aut...')
#1 /var/www/html/framework/web/filters/CFilter.php(38): CAccessControlFilter->preFilter(Object(CFilterChain))
#2 /var/www/html/framework/web/CController.php(1148): CFilter->filter(Object(CFilterChain))
#3 /var/www/html/framework/web/filters/CInlineFilter.php(58): CController->filterAccessControl(Object(CFilterChain))
#4 /var/www/html/framework/web/filters/CFilterChain.php(131): CInlineFilter->filter(Object(CFilterChain))
#5 /var/www/html/framework/web/CController.php(291): CFilterChain->run()
#6 /var/www/html/framework/web/CController.php(265): CController->runActionWithFilters(Object(CInlineAction), Array)
#7 /var/www/html/framework/web/CWebApplication.php(282): CController->run('createnn')
#8 /var/www/html/framework/web/CWebApplication.php(141): CWebApplication->runController('users/createnn')
#9 /var/www/html/framework/base/CApplication.php(185): CWebApplication->processRequest()
#10 /var/www/html/crud_template/index.php(13): CApplication->run()
#11 {main}
REQUEST_URI=/crud_template/index.php?r=users/createnn
---
2025/06/26 17:06:56 [error] [exception.CHttpException.404] CHttpException: The system is unable to find the requested action "create". in /var/www/html/framework/web/CController.php:486
Stack trace:
#0 /var/www/html/framework/web/CController.php(270): CController->missingAction('create')
#1 /var/www/html/framework/web/CWebApplication.php(282): CController->run('create')
#2 /var/www/html/framework/web/CWebApplication.php(141): CWebApplication->runController('users/create')
#3 /var/www/html/framework/base/CApplication.php(185): CWebApplication->processRequest()
#4 /var/www/html/crud_template/index.php(13): CApplication->run()
#5 {main}
REQUEST_URI=/crud_template/index.php?r=users/create
---
2025/06/26 17:06:58 [error] [exception.CHttpException.403] CHttpException: You are not authorized to perform this action. in /var/www/html/framework/web/auth/CAccessControlFilter.php:183
Stack trace:
#0 /var/www/html/framework/web/auth/CAccessControlFilter.php(145): CAccessControlFilter->accessDenied(Object(CWebUser), 'You are not aut...')
#1 /var/www/html/framework/web/filters/CFilter.php(38): CAccessControlFilter->preFilter(Object(CFilterChain))
#2 /var/www/html/framework/web/CController.php(1148): CFilter->filter(Object(CFilterChain))
#3 /var/www/html/framework/web/filters/CInlineFilter.php(58): CController->filterAccessControl(Object(CFilterChain))
#4 /var/www/html/framework/web/filters/CFilterChain.php(131): CInlineFilter->filter(Object(CFilterChain))
#5 /var/www/html/framework/web/CController.php(291): CFilterChain->run()
#6 /var/www/html/framework/web/CController.php(265): CController->runActionWithFilters(Object(CInlineAction), Array)
#7 /var/www/html/framework/web/CWebApplication.php(282): CController->run('createnn')
#8 /var/www/html/framework/web/CWebApplication.php(141): CWebApplication->runController('users/createnn')
#9 /var/www/html/framework/base/CApplication.php(185): CWebApplication->processRequest()
#10 /var/www/html/crud_template/index.php(13): CApplication->run()
#11 {main}
REQUEST_URI=/crud_template/index.php?r=users/createnn
---
2025/06/26 17:07:15 [error] [exception.CHttpException.404] CHttpException: The system is unable to find the requested action "ceatenn". in /var/www/html/framework/web/CController.php:486
Stack trace:
#0 /var/www/html/framework/web/CController.php(270): CController->missingAction('ceatenn')
#1 /var/www/html/framework/web/CWebApplication.php(282): CController->run('ceatenn')
#2 /var/www/html/framework/web/CWebApplication.php(141): CWebApplication->runController('users/ceatenn')
#3 /var/www/html/framework/base/CApplication.php(185): CWebApplication->processRequest()
#4 /var/www/html/crud_template/index.php(13): CApplication->run()
#5 {main}
REQUEST_URI=/crud_template/index.php?r=users/ceatenn
---
2025/06/26 17:07:23 [error] [exception.CHttpException.403] CHttpException: You are not authorized to perform this action. in /var/www/html/framework/web/auth/CAccessControlFilter.php:183
Stack trace:
#0 /var/www/html/framework/web/auth/CAccessControlFilter.php(145): CAccessControlFilter->accessDenied(Object(CWebUser), 'You are not aut...')
#1 /var/www/html/framework/web/filters/CFilter.php(38): CAccessControlFilter->preFilter(Object(CFilterChain))
#2 /var/www/html/framework/web/CController.php(1148): CFilter->filter(Object(CFilterChain))
#3 /var/www/html/framework/web/filters/CInlineFilter.php(58): CController->filterAccessControl(Object(CFilterChain))
#4 /var/www/html/framework/web/filters/CFilterChain.php(131): CInlineFilter->filter(Object(CFilterChain))
#5 /var/www/html/framework/web/CController.php(291): CFilterChain->run()
#6 /var/www/html/framework/web/CController.php(265): CController->runActionWithFilters(Object(CInlineAction), Array)
#7 /var/www/html/framework/web/CWebApplication.php(282): CController->run('createnn')
#8 /var/www/html/framework/web/CWebApplication.php(141): CWebApplication->runController('users/createnn')
#9 /var/www/html/framework/base/CApplication.php(185): CWebApplication->processRequest()
#10 /var/www/html/crud_template/index.php(13): CApplication->run()
#11 {main}
REQUEST_URI=/crud_template/index.php?r=users/createnn
---
2025/06/26 17:07:24 [error] [exception.CHttpException.403] CHttpException: You are not authorized to perform this action. in /var/www/html/framework/web/auth/CAccessControlFilter.php:183
Stack trace:
#0 /var/www/html/framework/web/auth/CAccessControlFilter.php(145): CAccessControlFilter->accessDenied(Object(CWebUser), 'You are not aut...')
#1 /var/www/html/framework/web/filters/CFilter.php(38): CAccessControlFilter->preFilter(Object(CFilterChain))
#2 /var/www/html/framework/web/CController.php(1148): CFilter->filter(Object(CFilterChain))
#3 /var/www/html/framework/web/filters/CInlineFilter.php(58): CController->filterAccessControl(Object(CFilterChain))
#4 /var/www/html/framework/web/filters/CFilterChain.php(131): CInlineFilter->filter(Object(CFilterChain))
#5 /var/www/html/framework/web/CController.php(291): CFilterChain->run()
#6 /var/www/html/framework/web/CController.php(265): CController->runActionWithFilters(Object(CInlineAction), Array)
#7 /var/www/html/framework/web/CWebApplication.php(282): CController->run('createnn')
#8 /var/www/html/framework/web/CWebApplication.php(141): CWebApplication->runController('users/createnn')
#9 /var/www/html/framework/base/CApplication.php(185): CWebApplication->processRequest()
#10 /var/www/html/crud_template/index.php(13): CApplication->run()
#11 {main}
REQUEST_URI=/crud_template/index.php?r=users/createnn
---
2025/06/26 17:07:45 [error] [exception.CHttpException.404] CHttpException: The system is unable to find the requested action "update?id=3". in /var/www/html/framework/web/CController.php:486
Stack trace:
#0 /var/www/html/framework/web/CController.php(270): CController->missingAction('update?id=3')
#1 /var/www/html/framework/web/CWebApplication.php(282): CController->run('update?id=3')
#2 /var/www/html/framework/web/CWebApplication.php(141): CWebApplication->runController('users/update?id...')
#3 /var/www/html/framework/base/CApplication.php(185): CWebApplication->processRequest()
#4 /var/www/html/crud_template/index.php(13): CApplication->run()
#5 {main}
REQUEST_URI=/crud_template/index.php?r=users/update?id=3
---
2025/06/26 17:08:04 [error] [exception.CHttpException.400] CHttpException: Your request is invalid. in /var/www/html/framework/web/CController.php:337
Stack trace:
#0 /var/www/html/framework/web/CController.php(309): CController->invalidActionParams(Object(CInlineAction))
#1 /var/www/html/framework/web/filters/CFilterChain.php(134): CController->runAction(Object(CInlineAction))
#2 /var/www/html/framework/web/filters/CFilter.php(40): CFilterChain->run()
#3 /var/www/html/framework/web/CController.php(1148): CFilter->filter(Object(CFilterChain))
#4 /var/www/html/framework/web/filters/CInlineFilter.php(58): CController->filterAccessControl(Object(CFilterChain))
#5 /var/www/html/framework/web/filters/CFilterChain.php(131): CInlineFilter->filter(Object(CFilterChain))
#6 /var/www/html/framework/web/CController.php(291): CFilterChain->run()
#7 /var/www/html/framework/web/CController.php(265): CController->runActionWithFilters(Object(CInlineAction), Array)
#8 /var/www/html/framework/web/CWebApplication.php(282): CController->run('update')
#9 /var/www/html/framework/web/CWebApplication.php(141): CWebApplication->runController('users/update')
#10 /var/www/html/framework/base/CApplication.php(185): CWebApplication->processRequest()
#11 /var/www/html/crud_template/index.php(13): CApplication->run()
#12 {main}
REQUEST_URI=/crud_template/index.php?r=users/update
---
2025/06/26 17:09:31 [error] [exception.CHttpException.403] CHttpException: You are not authorized to perform this action. in /var/www/html/framework/web/auth/CAccessControlFilter.php:183
Stack trace:
#0 /var/www/html/framework/web/auth/CAccessControlFilter.php(145): CAccessControlFilter->accessDenied(Object(CWebUser), 'You are not aut...')
#1 /var/www/html/framework/web/filters/CFilter.php(38): CAccessControlFilter->preFilter(Object(CFilterChain))
#2 /var/www/html/framework/web/CController.php(1148): CFilter->filter(Object(CFilterChain))
#3 /var/www/html/framework/web/filters/CInlineFilter.php(58): CController->filterAccessControl(Object(CFilterChain))
#4 /var/www/html/framework/web/filters/CFilterChain.php(131): CInlineFilter->filter(Object(CFilterChain))
#5 /var/www/html/framework/web/CController.php(291): CFilterChain->run()
#6 /var/www/html/framework/web/CController.php(265): CController->runActionWithFilters(Object(CInlineAction), Array)
#7 /var/www/html/framework/web/CWebApplication.php(282): CController->run('created1')
#8 /var/www/html/framework/web/CWebApplication.php(141): CWebApplication->runController('users/created1')
#9 /var/www/html/framework/base/CApplication.php(185): CWebApplication->processRequest()
#10 /var/www/html/crud_template/index.php(13): CApplication->run()
#11 {main}
REQUEST_URI=/crud_template/index.php?r=users/created1
---
2025/06/26 17:09:41 [error] [exception.CHttpException.404] CHttpException: The system is unable to find the requested action "created2". in /var/www/html/framework/web/CController.php:486
Stack trace:
#0 /var/www/html/framework/web/CController.php(270): CController->missingAction('created2')
#1 /var/www/html/framework/web/CWebApplication.php(282): CController->run('created2')
#2 /var/www/html/framework/web/CWebApplication.php(141): CWebApplication->runController('users/created2')
#3 /var/www/html/framework/base/CApplication.php(185): CWebApplication->processRequest()
#4 /var/www/html/crud_template/index.php(13): CApplication->run()
#5 {main}
REQUEST_URI=/crud_template/index.php?r=users/created2
---
2025/06/26 17:09:45 [error] [exception.CHttpException.400] CHttpException: Your request is invalid. in /var/www/html/framework/web/CController.php:337
Stack trace:
#0 /var/www/html/framework/web/CController.php(309): CController->invalidActionParams(Object(CInlineAction))
#1 /var/www/html/framework/web/filters/CFilterChain.php(134): CController->runAction(Object(CInlineAction))
#2 /var/www/html/framework/web/filters/CFilter.php(40): CFilterChain->run()
#3 /var/www/html/framework/web/CController.php(1148): CFilter->filter(Object(CFilterChain))
#4 /var/www/html/framework/web/filters/CInlineFilter.php(58): CController->filterAccessControl(Object(CFilterChain))
#5 /var/www/html/framework/web/filters/CFilterChain.php(131): CInlineFilter->filter(Object(CFilterChain))
#6 /var/www/html/framework/web/CController.php(291): CFilterChain->run()
#7 /var/www/html/framework/web/CController.php(265): CController->runActionWithFilters(Object(CInlineAction), Array)
#8 /var/www/html/framework/web/CWebApplication.php(282): CController->run('update')
#9 /var/www/html/framework/web/CWebApplication.php(141): CWebApplication->runController('users/update')
#10 /var/www/html/framework/base/CApplication.php(185): CWebApplication->processRequest()
#11 /var/www/html/crud_template/index.php(13): CApplication->run()
#12 {main}
REQUEST_URI=/crud_template/index.php?r=users/update
---
2025/06/26 17:09:48 [error] [exception.CHttpException.403] CHttpException: You are not authorized to perform this action. in /var/www/html/framework/web/auth/CAccessControlFilter.php:183
Stack trace:
#0 /var/www/html/framework/web/auth/CAccessControlFilter.php(145): CAccessControlFilter->accessDenied(Object(CWebUser), 'You are not aut...')
#1 /var/www/html/framework/web/filters/CFilter.php(38): CAccessControlFilter->preFilter(Object(CFilterChain))
#2 /var/www/html/framework/web/CController.php(1148): CFilter->filter(Object(CFilterChain))
#3 /var/www/html/framework/web/filters/CInlineFilter.php(58): CController->filterAccessControl(Object(CFilterChain))
#4 /var/www/html/framework/web/filters/CFilterChain.php(131): CInlineFilter->filter(Object(CFilterChain))
#5 /var/www/html/framework/web/CController.php(291): CFilterChain->run()
#6 /var/www/html/framework/web/CController.php(265): CController->runActionWithFilters(Object(CInlineAction), Array)
#7 /var/www/html/framework/web/CWebApplication.php(282): CController->run('created1')
#8 /var/www/html/framework/web/CWebApplication.php(141): CWebApplication->runController('users/created1')
#9 /var/www/html/framework/base/CApplication.php(185): CWebApplication->processRequest()
#10 /var/www/html/crud_template/index.php(13): CApplication->run()
#11 {main}
REQUEST_URI=/crud_template/index.php?r=users/created1
---
2025/06/26 17:17:33 [error] [exception.CException] CException: The "dataProvider" property cannot be empty. in /var/www/html/framework/zii/widgets/CBaseListView.php:123
Stack trace:
#0 /var/www/html/framework/zii/widgets/CListView.php(211): CBaseListView->init()
#1 /var/www/html/framework/web/CBaseController.php(147): CListView->init()
#2 /var/www/html/framework/web/CBaseController.php(181): CBaseController->createWidget('zii.widgets.CLi...', Array)
#3 /var/www/html/crud_template/protected/views/users/index.php(17): CBaseController->widget('zii.widgets.CLi...', Array)
#4 /var/www/html/framework/web/CBaseController.php(126): require('/var/www/html/c...')
#5 /var/www/html/framework/web/CBaseController.php(95): CBaseController->renderInternal('/var/www/html/c...', Array, true)
#6 /var/www/html/framework/web/CController.php(872): CBaseController->renderFile('/var/www/html/c...', Array, true)
#7 /var/www/html/framework/web/CController.php(785): CController->renderPartial('index', Array, true)
#8 /var/www/html/crud_template/protected/controllers/UsersController.php(126): CController->render('index', Array)
#9 /var/www/html/framework/web/actions/CInlineAction.php(49): UsersController->actionIndex()
#10 /var/www/html/framework/web/CController.php(308): CInlineAction->runWithParams(Array)
#11 /var/www/html/framework/web/filters/CFilterChain.php(134): CController->runAction(Object(CInlineAction))
#12 /var/www/html/framework/web/filters/CFilter.php(40): CFilterChain->run()
#13 /var/www/html/framework/web/CController.php(1148): CFilter->filter(Object(CFilterChain))
#14 /var/www/html/framework/web/filters/CInlineFilter.php(58): CController->filterAccessControl(Object(CFilterChain))
#15 /var/www/html/framework/web/filters/CFilterChain.php(131): CInlineFilter->filter(Object(CFilterChain))
#16 /var/www/html/framework/web/CController.php(291): CFilterChain->run()
#17 /var/www/html/framework/web/CController.php(265): CController->runActionWithFilters(Object(CInlineAction), Array)
#18 /var/www/html/framework/web/CWebApplication.php(282): CController->run('')
#19 /var/www/html/framework/web/CWebApplication.php(141): CWebApplication->runController('users')
#20 /var/www/html/framework/base/CApplication.php(185): CWebApplication->processRequest()
#21 /var/www/html/crud_template/index.php(13): CApplication->run()
#22 {main}
REQUEST_URI=/crud_template/index.php?r=users
---
2025/06/26 17:26:09 [error] [exception.CException] CException: Property "Users._attributes" is not defined. in /var/www/html/framework/base/CComponent.php:130
Stack trace:
#0 /var/www/html/framework/db/ar/CActiveRecord.php(145): CComponent->__get('_attributes')
#1 /var/www/html/framework/base/CModel.php(599): CActiveRecord->__get('_attributes')
#2 /var/www/html/crud_template/protected/controllers/UsersController.php(126): CModel->offsetGet('_attributes')
#3 /var/www/html/framework/web/actions/CInlineAction.php(49): UsersController->actionIndex()
#4 /var/www/html/framework/web/CController.php(308): CInlineAction->runWithParams(Array)
#5 /var/www/html/framework/web/filters/CFilterChain.php(134): CController->runAction(Object(CInlineAction))
#6 /var/www/html/framework/web/filters/CFilter.php(40): CFilterChain->run()
#7 /var/www/html/framework/web/CController.php(1148): CFilter->filter(Object(CFilterChain))
#8 /var/www/html/framework/web/filters/CInlineFilter.php(58): CController->filterAccessControl(Object(CFilterChain))
#9 /var/www/html/framework/web/filters/CFilterChain.php(131): CInlineFilter->filter(Object(CFilterChain))
#10 /var/www/html/framework/web/CController.php(291): CFilterChain->run()
#11 /var/www/html/framework/web/CController.php(265): CController->runActionWithFilters(Object(CInlineAction), Array)
#12 /var/www/html/framework/web/CWebApplication.php(282): CController->run('')
#13 /var/www/html/framework/web/CWebApplication.php(141): CWebApplication->runController('users')
#14 /var/www/html/framework/base/CApplication.php(185): CWebApplication->processRequest()
#15 /var/www/html/crud_template/index.php(13): CApplication->run()
#16 {main}
REQUEST_URI=/crud_template/index.php?r=users
---
2025/06/26 17:27:02 [error] [exception.CException] CException: CActiveDataProvider and its behaviors do not have a method or closure named "getAttributes". in /var/www/html/framework/base/CComponent.php:264
Stack trace:
#0 /var/www/html/crud_template/protected/controllers/UsersController.php(126): CComponent->__call('getAttributes', Array)
#1 /var/www/html/framework/web/actions/CInlineAction.php(49): UsersController->actionIndex()
#2 /var/www/html/framework/web/CController.php(308): CInlineAction->runWithParams(Array)
#3 /var/www/html/framework/web/filters/CFilterChain.php(134): CController->runAction(Object(CInlineAction))
#4 /var/www/html/framework/web/filters/CFilter.php(40): CFilterChain->run()
#5 /var/www/html/framework/web/CController.php(1148): CFilter->filter(Object(CFilterChain))
#6 /var/www/html/framework/web/filters/CInlineFilter.php(58): CController->filterAccessControl(Object(CFilterChain))
#7 /var/www/html/framework/web/filters/CFilterChain.php(131): CInlineFilter->filter(Object(CFilterChain))
#8 /var/www/html/framework/web/CController.php(291): CFilterChain->run()
#9 /var/www/html/framework/web/CController.php(265): CController->runActionWithFilters(Object(CInlineAction), Array)
#10 /var/www/html/framework/web/CWebApplication.php(282): CController->run('')
#11 /var/www/html/framework/web/CWebApplication.php(141): CWebApplication->runController('users')
#12 /var/www/html/framework/base/CApplication.php(185): CWebApplication->processRequest()
#13 /var/www/html/crud_template/index.php(13): CApplication->run()
#14 {main}
REQUEST_URI=/crud_template/index.php?r=users
---
2025/06/26 17:27:03 [error] [exception.CException] CException: CActiveDataProvider and its behaviors do not have a method or closure named "getAttributes". in /var/www/html/framework/base/CComponent.php:264
Stack trace:
#0 /var/www/html/crud_template/protected/controllers/UsersController.php(126): CComponent->__call('getAttributes', Array)
#1 /var/www/html/framework/web/actions/CInlineAction.php(49): UsersController->actionIndex()
#2 /var/www/html/framework/web/CController.php(308): CInlineAction->runWithParams(Array)
#3 /var/www/html/framework/web/filters/CFilterChain.php(134): CController->runAction(Object(CInlineAction))
#4 /var/www/html/framework/web/filters/CFilter.php(40): CFilterChain->run()
#5 /var/www/html/framework/web/CController.php(1148): CFilter->filter(Object(CFilterChain))
#6 /var/www/html/framework/web/filters/CInlineFilter.php(58): CController->filterAccessControl(Object(CFilterChain))
#7 /var/www/html/framework/web/filters/CFilterChain.php(131): CInlineFilter->filter(Object(CFilterChain))
#8 /var/www/html/framework/web/CController.php(291): CFilterChain->run()
#9 /var/www/html/framework/web/CController.php(265): CController->runActionWithFilters(Object(CInlineAction), Array)
#10 /var/www/html/framework/web/CWebApplication.php(282): CController->run('')
#11 /var/www/html/framework/web/CWebApplication.php(141): CWebApplication->runController('users')
#12 /var/www/html/framework/base/CApplication.php(185): CWebApplication->processRequest()
#13 /var/www/html/crud_template/index.php(13): CApplication->run()
#14 {main}
REQUEST_URI=/crud_template/index.php?r=users
---
2025/06/26 17:27:09 [error] [exception.CException] CException: CActiveDataProvider and its behaviors do not have a method or closure named "getAttributes". in /var/www/html/framework/base/CComponent.php:264
Stack trace:
#0 /var/www/html/crud_template/protected/controllers/UsersController.php(126): CComponent->__call('getAttributes', Array)
#1 /var/www/html/framework/web/actions/CInlineAction.php(49): UsersController->actionIndex()
#2 /var/www/html/framework/web/CController.php(308): CInlineAction->runWithParams(Array)
#3 /var/www/html/framework/web/filters/CFilterChain.php(134): CController->runAction(Object(CInlineAction))
#4 /var/www/html/framework/web/filters/CFilter.php(40): CFilterChain->run()
#5 /var/www/html/framework/web/CController.php(1148): CFilter->filter(Object(CFilterChain))
#6 /var/www/html/framework/web/filters/CInlineFilter.php(58): CController->filterAccessControl(Object(CFilterChain))
#7 /var/www/html/framework/web/filters/CFilterChain.php(131): CInlineFilter->filter(Object(CFilterChain))
#8 /var/www/html/framework/web/CController.php(291): CFilterChain->run()
#9 /var/www/html/framework/web/CController.php(265): CController->runActionWithFilters(Object(CInlineAction), Array)
#10 /var/www/html/framework/web/CWebApplication.php(282): CController->run('')
#11 /var/www/html/framework/web/CWebApplication.php(141): CWebApplication->runController('users')
#12 /var/www/html/framework/base/CApplication.php(185): CWebApplication->processRequest()
#13 /var/www/html/crud_template/index.php(13): CApplication->run()
#14 {main}
REQUEST_URI=/crud_template/index.php?r=users
---
2025/06/26 17:27:09 [error] [exception.CException] CException: CActiveDataProvider and its behaviors do not have a method or closure named "getAttributes". in /var/www/html/framework/base/CComponent.php:264
Stack trace:
#0 /var/www/html/crud_template/protected/controllers/UsersController.php(126): CComponent->__call('getAttributes', Array)
#1 /var/www/html/framework/web/actions/CInlineAction.php(49): UsersController->actionIndex()
#2 /var/www/html/framework/web/CController.php(308): CInlineAction->runWithParams(Array)
#3 /var/www/html/framework/web/filters/CFilterChain.php(134): CController->runAction(Object(CInlineAction))
#4 /var/www/html/framework/web/filters/CFilter.php(40): CFilterChain->run()
#5 /var/www/html/framework/web/CController.php(1148): CFilter->filter(Object(CFilterChain))
#6 /var/www/html/framework/web/filters/CInlineFilter.php(58): CController->filterAccessControl(Object(CFilterChain))
#7 /var/www/html/framework/web/filters/CFilterChain.php(131): CInlineFilter->filter(Object(CFilterChain))
#8 /var/www/html/framework/web/CController.php(291): CFilterChain->run()
#9 /var/www/html/framework/web/CController.php(265): CController->runActionWithFilters(Object(CInlineAction), Array)
#10 /var/www/html/framework/web/CWebApplication.php(282): CController->run('')
#11 /var/www/html/framework/web/CWebApplication.php(141): CWebApplication->runController('users')
#12 /var/www/html/framework/base/CApplication.php(185): CWebApplication->processRequest()
#13 /var/www/html/crud_template/index.php(13): CApplication->run()
#14 {main}
REQUEST_URI=/crud_template/index.php?r=users
---
2025/06/26 17:29:27 [error] [exception.Error] Error: Call to a member function getAttributes() on string in /var/www/html/crud_template/protected/controllers/UsersController.php:128
Stack trace:
#0 /var/www/html/framework/web/actions/CInlineAction.php(49): UsersController->actionIndex()
#1 /var/www/html/framework/web/CController.php(308): CInlineAction->runWithParams(Array)
#2 /var/www/html/framework/web/filters/CFilterChain.php(134): CController->runAction(Object(CInlineAction))
#3 /var/www/html/framework/web/filters/CFilter.php(40): CFilterChain->run()
#4 /var/www/html/framework/web/CController.php(1148): CFilter->filter(Object(CFilterChain))
#5 /var/www/html/framework/web/filters/CInlineFilter.php(58): CController->filterAccessControl(Object(CFilterChain))
#6 /var/www/html/framework/web/filters/CFilterChain.php(131): CInlineFilter->filter(Object(CFilterChain))
#7 /var/www/html/framework/web/CController.php(291): CFilterChain->run()
#8 /var/www/html/framework/web/CController.php(265): CController->runActionWithFilters(Object(CInlineAction), Array)
#9 /var/www/html/framework/web/CWebApplication.php(282): CController->run('')
#10 /var/www/html/framework/web/CWebApplication.php(141): CWebApplication->runController('users')
#11 /var/www/html/framework/base/CApplication.php(185): CWebApplication->processRequest()
#12 /var/www/html/crud_template/index.php(13): CApplication->run()
#13 {main}
REQUEST_URI=/crud_template/index.php?r=users
---
2025/06/26 17:29:28 [error] [exception.Error] Error: Call to a member function getAttributes() on string in /var/www/html/crud_template/protected/controllers/UsersController.php:128
Stack trace:
#0 /var/www/html/framework/web/actions/CInlineAction.php(49): UsersController->actionIndex()
#1 /var/www/html/framework/web/CController.php(308): CInlineAction->runWithParams(Array)
#2 /var/www/html/framework/web/filters/CFilterChain.php(134): CController->runAction(Object(CInlineAction))
#3 /var/www/html/framework/web/filters/CFilter.php(40): CFilterChain->run()
#4 /var/www/html/framework/web/CController.php(1148): CFilter->filter(Object(CFilterChain))
#5 /var/www/html/framework/web/filters/CInlineFilter.php(58): CController->filterAccessControl(Object(CFilterChain))
#6 /var/www/html/framework/web/filters/CFilterChain.php(131): CInlineFilter->filter(Object(CFilterChain))
#7 /var/www/html/framework/web/CController.php(291): CFilterChain->run()
#8 /var/www/html/framework/web/CController.php(265): CController->runActionWithFilters(Object(CInlineAction), Array)
#9 /var/www/html/framework/web/CWebApplication.php(282): CController->run('')
#10 /var/www/html/framework/web/CWebApplication.php(141): CWebApplication->runController('users')
#11 /var/www/html/framework/base/CApplication.php(185): CWebApplication->processRequest()
#12 /var/www/html/crud_template/index.php(13): CApplication->run()
#13 {main}
REQUEST_URI=/crud_template/index.php?r=users
---
2025/06/26 18:02:01 [error] [exception.CHttpException.404] CHttpException: The requested page does not exist. in /var/www/html/crud_template/protected/controllers/UsersController.php:160
Stack trace:
#0 /var/www/html/crud_template/protected/controllers/UsersController.php(59): UsersController->loadModel('590')
#1 [internal function]: UsersController->actionView('590')
#2 /var/www/html/framework/web/actions/CAction.php(114): ReflectionMethod->invokeArgs(Object(UsersController), Array)
#3 /var/www/html/framework/web/actions/CInlineAction.php(47): CAction->runWithParamsInternal(Object(UsersController), Object(ReflectionMethod), Array)
#4 /var/www/html/framework/web/CController.php(308): CInlineAction->runWithParams(Array)
#5 /var/www/html/framework/web/filters/CFilterChain.php(134): CController->runAction(Object(CInlineAction))
#6 /var/www/html/framework/web/filters/CFilter.php(40): CFilterChain->run()
#7 /var/www/html/framework/web/CController.php(1148): CFilter->filter(Object(CFilterChain))
#8 /var/www/html/framework/web/filters/CInlineFilter.php(58): CController->filterAccessControl(Object(CFilterChain))
#9 /var/www/html/framework/web/filters/CFilterChain.php(131): CInlineFilter->filter(Object(CFilterChain))
#10 /var/www/html/framework/web/CController.php(291): CFilterChain->run()
#11 /var/www/html/framework/web/CController.php(265): CController->runActionWithFilters(Object(CInlineAction), Array)
#12 /var/www/html/framework/web/CWebApplication.php(282): CController->run('view')
#13 /var/www/html/framework/web/CWebApplication.php(141): CWebApplication->runController('users/view')
#14 /var/www/html/framework/base/CApplication.php(185): CWebApplication->processRequest()
#15 /var/www/html/crud_template/index.php(13): CApplication->run()
#16 {main}
REQUEST_URI=/crud_template/index.php?r=users/view&id=590
---
2025/06/26 18:02:05 [error] [exception.CHttpException.404] CHttpException: The requested page does not exist. in /var/www/html/crud_template/protected/controllers/UsersController.php:160
Stack trace:
#0 /var/www/html/crud_template/protected/controllers/UsersController.php(59): UsersController->loadModel('590')
#1 [internal function]: UsersController->actionView('590')
#2 /var/www/html/framework/web/actions/CAction.php(114): ReflectionMethod->invokeArgs(Object(UsersController), Array)
#3 /var/www/html/framework/web/actions/CInlineAction.php(47): CAction->runWithParamsInternal(Object(UsersController), Object(ReflectionMethod), Array)
#4 /var/www/html/framework/web/CController.php(308): CInlineAction->runWithParams(Array)
#5 /var/www/html/framework/web/filters/CFilterChain.php(134): CController->runAction(Object(CInlineAction))
#6 /var/www/html/framework/web/filters/CFilter.php(40): CFilterChain->run()
#7 /var/www/html/framework/web/CController.php(1148): CFilter->filter(Object(CFilterChain))
#8 /var/www/html/framework/web/filters/CInlineFilter.php(58): CController->filterAccessControl(Object(CFilterChain))
#9 /var/www/html/framework/web/filters/CFilterChain.php(131): CInlineFilter->filter(Object(CFilterChain))
#10 /var/www/html/framework/web/CController.php(291): CFilterChain->run()
#11 /var/www/html/framework/web/CController.php(265): CController->runActionWithFilters(Object(CInlineAction), Array)
#12 /var/www/html/framework/web/CWebApplication.php(282): CController->run('view')
#13 /var/www/html/framework/web/CWebApplication.php(141): CWebApplication->runController('users/view')
#14 /var/www/html/framework/base/CApplication.php(185): CWebApplication->processRequest()
#15 /var/www/html/crud_template/index.php(13): CApplication->run()
#16 {main}
REQUEST_URI=/crud_template/index.php?r=users/view&id=590
---
2025/06/26 18:02:10 [error] [exception.CHttpException.404] CHttpException: The requested page does not exist. in /var/www/html/crud_template/protected/controllers/UsersController.php:160
Stack trace:
#0 /var/www/html/crud_template/protected/controllers/UsersController.php(59): UsersController->loadModel('589')
#1 [internal function]: UsersController->actionView('589')
#2 /var/www/html/framework/web/actions/CAction.php(114): ReflectionMethod->invokeArgs(Object(UsersController), Array)
#3 /var/www/html/framework/web/actions/CInlineAction.php(47): CAction->runWithParamsInternal(Object(UsersController), Object(ReflectionMethod), Array)
#4 /var/www/html/framework/web/CController.php(308): CInlineAction->runWithParams(Array)
#5 /var/www/html/framework/web/filters/CFilterChain.php(134): CController->runAction(Object(CInlineAction))
#6 /var/www/html/framework/web/filters/CFilter.php(40): CFilterChain->run()
#7 /var/www/html/framework/web/CController.php(1148): CFilter->filter(Object(CFilterChain))
#8 /var/www/html/framework/web/filters/CInlineFilter.php(58): CController->filterAccessControl(Object(CFilterChain))
#9 /var/www/html/framework/web/filters/CFilterChain.php(131): CInlineFilter->filter(Object(CFilterChain))
#10 /var/www/html/framework/web/CController.php(291): CFilterChain->run()
#11 /var/www/html/framework/web/CController.php(265): CController->runActionWithFilters(Object(CInlineAction), Array)
#12 /var/www/html/framework/web/CWebApplication.php(282): CController->run('view')
#13 /var/www/html/framework/web/CWebApplication.php(141): CWebApplication->runController('users/view')
#14 /var/www/html/framework/base/CApplication.php(185): CWebApplication->processRequest()
#15 /var/www/html/crud_template/index.php(13): CApplication->run()
#16 {main}
REQUEST_URI=/crud_template/index.php?r=users/view&id=589
---
2025/06/26 18:10:48 [error] [exception.CHttpException.400] CHttpException: Your request is invalid. in /var/www/html/framework/web/CController.php:337
Stack trace:
#0 /var/www/html/framework/web/CController.php(309): CController->invalidActionParams(Object(CInlineAction))
#1 /var/www/html/framework/web/filters/CFilterChain.php(134): CController->runAction(Object(CInlineAction))
#2 /var/www/html/framework/web/filters/CFilter.php(40): CFilterChain->run()
#3 /var/www/html/framework/web/CController.php(1148): CFilter->filter(Object(CFilterChain))
#4 /var/www/html/framework/web/filters/CInlineFilter.php(58): CController->filterAccessControl(Object(CFilterChain))
#5 /var/www/html/framework/web/filters/CFilterChain.php(131): CInlineFilter->filter(Object(CFilterChain))
#6 /var/www/html/framework/web/CController.php(291): CFilterChain->run()
#7 /var/www/html/framework/web/CController.php(265): CController->runActionWithFilters(Object(CInlineAction), Array)
#8 /var/www/html/framework/web/CWebApplication.php(282): CController->run('view')
#9 /var/www/html/framework/web/CWebApplication.php(141): CWebApplication->runController('users/view')
#10 /var/www/html/framework/base/CApplication.php(185): CWebApplication->processRequest()
#11 /var/www/html/crud_template/index.php(13): CApplication->run()
#12 {main}
REQUEST_URI=/crud_template/index.php?r=users/view
HTTP_REFERER=http://localhost:8080/crud_template/index.php?r=users/create
---
2025/06/26 18:35:06 [error] [php] Undefined variable $data (/var/www/html/crud_template/protected/views/users/view.php:19)
Stack trace:
#0 /var/www/html/framework/web/CBaseController.php(126): require()
#1 /var/www/html/framework/web/CBaseController.php(95): UsersController->renderInternal()
#2 /var/www/html/framework/web/CController.php(872): UsersController->renderFile()
#3 /var/www/html/framework/web/CController.php(785): UsersController->renderPartial()
#4 /var/www/html/crud_template/protected/controllers/UsersController.php(58): UsersController->render()
#5 unknown(0): UsersController->actionView()
#6 /var/www/html/framework/web/actions/CAction.php(114): ReflectionMethod->invokeArgs()
#7 /var/www/html/framework/web/actions/CInlineAction.php(47): CInlineAction->runWithParamsInternal()
#8 /var/www/html/framework/web/CController.php(308): CInlineAction->runWithParams()
#9 /var/www/html/framework/web/filters/CFilterChain.php(134): UsersController->runAction()
#10 /var/www/html/framework/web/filters/CFilter.php(40): CFilterChain->run()
#11 /var/www/html/framework/web/CController.php(1148): CAccessControlFilter->filter()
#12 /var/www/html/framework/web/filters/CInlineFilter.php(58): UsersController->filterAccessControl()
#13 /var/www/html/framework/web/filters/CFilterChain.php(131): CInlineFilter->filter()
#14 /var/www/html/framework/web/CController.php(291): CFilterChain->run()
#15 /var/www/html/framework/web/CController.php(265): UsersController->runActionWithFilters()
#16 /var/www/html/framework/web/CWebApplication.php(282): UsersController->run()
#17 /var/www/html/framework/web/CWebApplication.php(141): CWebApplication->runController()
#18 /var/www/html/framework/base/CApplication.php(185): CWebApplication->processRequest()
#19 /var/www/html/crud_template/index.php(13): CWebApplication->run()
REQUEST_URI=/crud_template/index.php?r=users/view&id=64
in /var/www/html/crud_template/protected/views/users/view.php (19)
in /var/www/html/crud_template/protected/controllers/UsersController.php (58)
in /var/www/html/crud_template/index.php (13)
2025/06/26 18:35:07 [error] [php] Undefined variable $data (/var/www/html/crud_template/protected/views/users/view.php:19)
Stack trace:
#0 /var/www/html/framework/web/CBaseController.php(126): require()
#1 /var/www/html/framework/web/CBaseController.php(95): UsersController->renderInternal()
#2 /var/www/html/framework/web/CController.php(872): UsersController->renderFile()
#3 /var/www/html/framework/web/CController.php(785): UsersController->renderPartial()
#4 /var/www/html/crud_template/protected/controllers/UsersController.php(58): UsersController->render()
#5 unknown(0): UsersController->actionView()
#6 /var/www/html/framework/web/actions/CAction.php(114): ReflectionMethod->invokeArgs()
#7 /var/www/html/framework/web/actions/CInlineAction.php(47): CInlineAction->runWithParamsInternal()
#8 /var/www/html/framework/web/CController.php(308): CInlineAction->runWithParams()
#9 /var/www/html/framework/web/filters/CFilterChain.php(134): UsersController->runAction()
#10 /var/www/html/framework/web/filters/CFilter.php(40): CFilterChain->run()
#11 /var/www/html/framework/web/CController.php(1148): CAccessControlFilter->filter()
#12 /var/www/html/framework/web/filters/CInlineFilter.php(58): UsersController->filterAccessControl()
#13 /var/www/html/framework/web/filters/CFilterChain.php(131): CInlineFilter->filter()
#14 /var/www/html/framework/web/CController.php(291): CFilterChain->run()
#15 /var/www/html/framework/web/CController.php(265): UsersController->runActionWithFilters()
#16 /var/www/html/framework/web/CWebApplication.php(282): UsersController->run()
#17 /var/www/html/framework/web/CWebApplication.php(141): CWebApplication->runController()
#18 /var/www/html/framework/base/CApplication.php(185): CWebApplication->processRequest()
#19 /var/www/html/crud_template/index.php(13): CWebApplication->run()
REQUEST_URI=/crud_template/index.php?r=users/view&id=64
in /var/www/html/crud_template/protected/views/users/view.php (19)
in /var/www/html/crud_template/protected/controllers/UsersController.php (58)
in /var/www/html/crud_template/index.php (13)
2025/06/26 18:46:01 [error] [exception.CException] CException: The "dataProvider" property cannot be empty. in /var/www/html/framework/zii/widgets/CBaseListView.php:123
Stack trace:
#0 /var/www/html/framework/zii/widgets/grid/CGridView.php(355): CBaseListView->init()
#1 /var/www/html/framework/web/CBaseController.php(147): CGridView->init()
#2 /var/www/html/framework/web/CBaseController.php(181): CBaseController->createWidget('zii.widgets.gri...', Array)
#3 /var/www/html/crud_template/protected/views/users/admin.php(43): CBaseController->widget('zii.widgets.gri...', Array)
#4 /var/www/html/framework/web/CBaseController.php(126): require('/var/www/html/c...')
#5 /var/www/html/framework/web/CBaseController.php(95): CBaseController->renderInternal('/var/www/html/c...', Array, true)
#6 /var/www/html/framework/web/CController.php(872): CBaseController->renderFile('/var/www/html/c...', Array, true)
#7 /var/www/html/framework/web/CController.php(785): CController->renderPartial('admin', Array, true)
#8 /var/www/html/crud_template/protected/controllers/UsersController.php(144): CController->render('admin', Array)
#9 /var/www/html/framework/web/actions/CInlineAction.php(49): UsersController->actionAdmin()
#10 /var/www/html/framework/web/CController.php(308): CInlineAction->runWithParams(Array)
#11 /var/www/html/framework/web/filters/CFilterChain.php(134): CController->runAction(Object(CInlineAction))
#12 /var/www/html/framework/web/filters/CFilter.php(40): CFilterChain->run()
#13 /var/www/html/framework/web/CController.php(1148): CFilter->filter(Object(CFilterChain))
#14 /var/www/html/framework/web/filters/CInlineFilter.php(58): CController->filterAccessControl(Object(CFilterChain))
#15 /var/www/html/framework/web/filters/CFilterChain.php(131): CInlineFilter->filter(Object(CFilterChain))
#16 /var/www/html/framework/web/CController.php(291): CFilterChain->run()
#17 /var/www/html/framework/web/CController.php(265): CController->runActionWithFilters(Object(CInlineAction), Array)
#18 /var/www/html/framework/web/CWebApplication.php(282): CController->run('admin')
#19 /var/www/html/framework/web/CWebApplication.php(141): CWebApplication->runController('users/admin')
#20 /var/www/html/framework/base/CApplication.php(185): CWebApplication->processRequest()
#21 /var/www/html/crud_template/index.php(13): CApplication->run()
#22 {main}
REQUEST_URI=/crud_template/index.php?r=users/admin
HTTP_REFERER=http://localhost:8080/crud_template/index.php?r=users/update&id=2
---
2025/06/26 18:50:15 [error] [exception.CHttpException.404] CHttpException: The system is unable to find the requested action "users". in /var/www/html/framework/web/CController.php:486
Stack trace:
#0 /var/www/html/framework/web/CController.php(270): CController->missingAction('users')
#1 /var/www/html/framework/web/CWebApplication.php(282): CController->run('users')
#2 /var/www/html/framework/web/CWebApplication.php(141): CWebApplication->runController('site/users')
#3 /var/www/html/framework/base/CApplication.php(185): CWebApplication->processRequest()
#4 /var/www/html/crud_template/index.php(13): CApplication->run()
#5 {main}
REQUEST_URI=/crud_template/index.php?r=site/users
HTTP_REFERER=http://localhost:8080/crud_template/index.php
---
2025/06/26 18:52:40 [error] [exception.CHttpException.404] CHttpException: Unable to resolve the request "site?r=users". in /var/www/html/framework/web/CWebApplication.php:286
Stack trace:
#0 /var/www/html/framework/web/CWebApplication.php(141): CWebApplication->runController('site?r=users')
#1 /var/www/html/framework/base/CApplication.php(185): CWebApplication->processRequest()
#2 /var/www/html/crud_template/index.php(13): CApplication->run()
#3 {main}
REQUEST_URI=/crud_template/index.php?r=site?r=users
HTTP_REFERER=http://localhost:8080/crud_template/index.php?r=site/index
---
2025/06/26 18:52:53 [error] [exception.CHttpException.404] CHttpException: Unable to resolve the request "site?r=users". in /var/www/html/framework/web/CWebApplication.php:286
Stack trace:
#0 /var/www/html/framework/web/CWebApplication.php(141): CWebApplication->runController('site?r=users')
#1 /var/www/html/framework/base/CApplication.php(185): CWebApplication->processRequest()
#2 /var/www/html/crud_template/index.php(13): CApplication->run()
#3 {main}
REQUEST_URI=/crud_template/index.php?r=site?r=users
HTTP_REFERER=http://localhost:8080/crud_template/index.php?r=site/index
---
2025/06/26 18:52:57 [error] [exception.CHttpException.404] CHttpException: Unable to resolve the request "site?r=users". in /var/www/html/framework/web/CWebApplication.php:286
Stack trace:
#0 /var/www/html/framework/web/CWebApplication.php(141): CWebApplication->runController('site?r=users')
#1 /var/www/html/framework/base/CApplication.php(185): CWebApplication->processRequest()
#2 /var/www/html/crud_template/index.php(13): CApplication->run()
#3 {main}
REQUEST_URI=/crud_template/index.php?r=site?r=users
HTTP_REFERER=http://localhost:8080/crud_template/index.php?r=site/index
---
2025/06/26 18:53:02 [error] [exception.CHttpException.404] CHttpException: The system is unable to find the requested action "?r=users". in /var/www/html/framework/web/CController.php:486
Stack trace:
#0 /var/www/html/framework/web/CController.php(270): CController->missingAction('?r=users')
#1 /var/www/html/framework/web/CWebApplication.php(282): CController->run('?r=users')
#2 /var/www/html/framework/web/CWebApplication.php(141): CWebApplication->runController('site/?r=users')
#3 /var/www/html/framework/base/CApplication.php(185): CWebApplication->processRequest()
#4 /var/www/html/crud_template/index.php(13): CApplication->run()
#5 {main}
REQUEST_URI=/crud_template/index.php?r=site/?r=users
HTTP_REFERER=http://localhost:8080/crud_template/index.php
---
2025/06/26 18:54:41 [error] [exception.CHttpException.404] CHttpException: The system is unable to find the requested action "?r=users". in /var/www/html/framework/web/CController.php:486
Stack trace:
#0 /var/www/html/framework/web/CController.php(270): CController->missingAction('?r=users')
#1 /var/www/html/framework/web/CWebApplication.php(282): CController->run('?r=users')
#2 /var/www/html/framework/web/CWebApplication.php(141): CWebApplication->runController('site/?r=users')
#3 /var/www/html/framework/base/CApplication.php(185): CWebApplication->processRequest()
#4 /var/www/html/crud_template/index.php(13): CApplication->run()
#5 {main}
REQUEST_URI=/crud_template/index.php?r=site/?r=users
HTTP_REFERER=http://localhost:8080/crud_template/index.php
---
2025/06/26 18:54:53 [error] [exception.CHttpException.404] CHttpException: The system is unable to find the requested action "?r=users". in /var/www/html/framework/web/CController.php:486
Stack trace:
#0 /var/www/html/framework/web/CController.php(270): CController->missingAction('?r=users')
#1 /var/www/html/framework/web/CWebApplication.php(282): CController->run('?r=users')
#2 /var/www/html/framework/web/CWebApplication.php(141): CWebApplication->runController('site/?r=users')
#3 /var/www/html/framework/base/CApplication.php(185): CWebApplication->processRequest()
#4 /var/www/html/crud_template/index.php(13): CApplication->run()
#5 {main}
REQUEST_URI=/crud_template/index.php?r=site/?r=users
HTTP_REFERER=http://localhost:8080/crud_template/index.php?r=site/page&view=about
---
